2016/04/17 22:03:48 [INFO] Packer version: 0.8.6  f8f7b7a34c1be06058f5aca23a51247db12cdbc5+CHANGES
2016/04/17 22:03:48 Packer Target OS/Arch: darwin amd64
2016/04/17 22:03:48 Built with Go Version: go1.5
2016/04/17 22:03:48 [DEBUG] Discovered plugin: amazon-chroot = /usr/local/bin/packer-builder-amazon-chroot
2016/04/17 22:03:48 [DEBUG] Discovered plugin: amazon-ebs = /usr/local/bin/packer-builder-amazon-ebs
2016/04/17 22:03:48 [DEBUG] Discovered plugin: amazon-instance = /usr/local/bin/packer-builder-amazon-instance
2016/04/17 22:03:48 [DEBUG] Discovered plugin: digitalocean = /usr/local/bin/packer-builder-digitalocean
2016/04/17 22:03:48 [DEBUG] Discovered plugin: docker = /usr/local/bin/packer-builder-docker
2016/04/17 22:03:48 [DEBUG] Discovered plugin: file = /usr/local/bin/packer-builder-file
2016/04/17 22:03:48 [DEBUG] Discovered plugin: googlecompute = /usr/local/bin/packer-builder-googlecompute
2016/04/17 22:03:48 [DEBUG] Discovered plugin: null = /usr/local/bin/packer-builder-null
2016/04/17 22:03:48 [DEBUG] Discovered plugin: openstack = /usr/local/bin/packer-builder-openstack
2016/04/17 22:03:48 [DEBUG] Discovered plugin: parallels-iso = /usr/local/bin/packer-builder-parallels-iso
2016/04/17 22:03:48 [DEBUG] Discovered plugin: parallels-pvm = /usr/local/bin/packer-builder-parallels-pvm
2016/04/17 22:03:48 [DEBUG] Discovered plugin: qemu = /usr/local/bin/packer-builder-qemu
2016/04/17 22:03:48 [DEBUG] Discovered plugin: virtualbox-iso = /usr/local/bin/packer-builder-virtualbox-iso
2016/04/17 22:03:48 [DEBUG] Discovered plugin: virtualbox-ovf = /usr/local/bin/packer-builder-virtualbox-ovf
2016/04/17 22:03:48 [DEBUG] Discovered plugin: vmware-iso = /usr/local/bin/packer-builder-vmware-iso
2016/04/17 22:03:48 [DEBUG] Discovered plugin: vmware-vmx = /usr/local/bin/packer-builder-vmware-vmx
2016/04/17 22:03:48 [DEBUG] Discovered plugin: artifice = /usr/local/bin/packer-post-processor-artifice
2016/04/17 22:03:48 [DEBUG] Discovered plugin: atlas = /usr/local/bin/packer-post-processor-atlas
2016/04/17 22:03:48 [DEBUG] Discovered plugin: compress = /usr/local/bin/packer-post-processor-compress
2016/04/17 22:03:48 [DEBUG] Discovered plugin: docker-import = /usr/local/bin/packer-post-processor-docker-import
2016/04/17 22:03:48 [DEBUG] Discovered plugin: docker-push = /usr/local/bin/packer-post-processor-docker-push
2016/04/17 22:03:48 [DEBUG] Discovered plugin: docker-save = /usr/local/bin/packer-post-processor-docker-save
2016/04/17 22:03:48 [DEBUG] Discovered plugin: docker-tag = /usr/local/bin/packer-post-processor-docker-tag
2016/04/17 22:03:48 [DEBUG] Discovered plugin: vagrant = /usr/local/bin/packer-post-processor-vagrant
2016/04/17 22:03:48 [DEBUG] Discovered plugin: vagrant-cloud = /usr/local/bin/packer-post-processor-vagrant-cloud
2016/04/17 22:03:48 [DEBUG] Discovered plugin: vsphere = /usr/local/bin/packer-post-processor-vsphere
2016/04/17 22:03:48 [DEBUG] Discovered plugin: ansible-local = /usr/local/bin/packer-provisioner-ansible-local
2016/04/17 22:03:48 [DEBUG] Discovered plugin: chef-client = /usr/local/bin/packer-provisioner-chef-client
2016/04/17 22:03:48 [DEBUG] Discovered plugin: chef-solo = /usr/local/bin/packer-provisioner-chef-solo
2016/04/17 22:03:48 [DEBUG] Discovered plugin: file = /usr/local/bin/packer-provisioner-file
2016/04/17 22:03:48 [DEBUG] Discovered plugin: powershell = /usr/local/bin/packer-provisioner-powershell
2016/04/17 22:03:48 [DEBUG] Discovered plugin: puppet-masterless = /usr/local/bin/packer-provisioner-puppet-masterless
2016/04/17 22:03:48 [DEBUG] Discovered plugin: puppet-server = /usr/local/bin/packer-provisioner-puppet-server
2016/04/17 22:03:48 [DEBUG] Discovered plugin: salt-masterless = /usr/local/bin/packer-provisioner-salt-masterless
2016/04/17 22:03:48 [DEBUG] Discovered plugin: shell = /usr/local/bin/packer-provisioner-shell
2016/04/17 22:03:48 [DEBUG] Discovered plugin: shell-local = /usr/local/bin/packer-provisioner-shell-local
2016/04/17 22:03:48 [DEBUG] Discovered plugin: windows-restart = /usr/local/bin/packer-provisioner-windows-restart
2016/04/17 22:03:48 [DEBUG] Discovered plugin: windows-shell = /usr/local/bin/packer-provisioner-windows-shell
2016/04/17 22:03:48 Detected home directory from env var: /Users/mfellows
2016/04/17 22:03:48 Detected home directory from env var: /Users/mfellows
2016/04/17 22:03:48 Attempting to open config file: /Users/mfellows/.packerconfig
2016/04/17 22:03:48 Packer config: &{DisableCheckpoint:false DisableCheckpointSignature:false PluginMinPort:10000 PluginMaxPort:25000 Builders:map[file:/usr/local/bin/packer-builder-file null:/usr/local/bin/packer-builder-null openstack:/usr/local/bin/packer-builder-openstack vmware-vmx:/usr/local/bin/packer-builder-vmware-vmx docker:/usr/local/bin/packer-builder-docker parallels-pvm:/usr/local/bin/packer-builder-parallels-pvm parallels-iso:/usr/local/bin/packer-builder-parallels-iso amazon-instance:/usr/local/bin/packer-builder-amazon-instance digitalocean:/usr/local/bin/packer-builder-digitalocean amazon-ebs:/usr/local/bin/packer-builder-amazon-ebs googlecompute:/usr/local/bin/packer-builder-googlecompute qemu:/usr/local/bin/packer-builder-qemu virtualbox-iso:/usr/local/bin/packer-builder-virtualbox-iso virtualbox-ovf:/usr/local/bin/packer-builder-virtualbox-ovf vmware-iso:/usr/local/bin/packer-builder-vmware-iso amazon-chroot:/usr/local/bin/packer-builder-amazon-chroot] PostProcessors:map[vagrant-cloud:/usr/local/bin/packer-post-processor-vagrant-cloud vsphere:/usr/local/bin/packer-post-processor-vsphere artifice:/usr/local/bin/packer-post-processor-artifice atlas:/usr/local/bin/packer-post-processor-atlas compress:/usr/local/bin/packer-post-processor-compress docker-import:/usr/local/bin/packer-post-processor-docker-import vagrant:/usr/local/bin/packer-post-processor-vagrant docker-push:/usr/local/bin/packer-post-processor-docker-push docker-save:/usr/local/bin/packer-post-processor-docker-save docker-tag:/usr/local/bin/packer-post-processor-docker-tag] Provisioners:map[powershell:/usr/local/bin/packer-provisioner-powershell puppet-masterless:/usr/local/bin/packer-provisioner-puppet-masterless salt-masterless:/usr/local/bin/packer-provisioner-salt-masterless windows-shell:/usr/local/bin/packer-provisioner-windows-shell ansible-local:/usr/local/bin/packer-provisioner-ansible-local chef-solo:/usr/local/bin/packer-provisioner-chef-solo puppet-server:/usr/local/bin/packer-provisioner-puppet-server shell:/usr/local/bin/packer-provisioner-shell shell-local:/usr/local/bin/packer-provisioner-shell-local windows-restart:/usr/local/bin/packer-provisioner-windows-restart dsc:/Users/mfellows/go/src/github.com/mefellows/packer-dsc/bin/packer-provisioner-dsc chef-client:/usr/local/bin/packer-provisioner-chef-client file:/usr/local/bin/packer-provisioner-file]}
2016/04/17 22:03:48 Setting cache directory: /Users/mfellows/go/src/github.com/mefellows/packer-dsc/provisioner/dsc/packer_cache
2016/04/17 22:03:48 ui error: Failed to parse template: open ./packer.aws.json.bak: no such file or directory
2016/04/17 22:03:48 waiting for all plugin processes to complete...
